[INFO ] 2022-07-04 13:13:14.517 [main] Log - Tests is starting!
[INFO ] 2022-07-04 13:13:28.145 [main] Log - Tests are ending!
[INFO ] 2022-07-04 13:13:32.012 [main] Log - Tests is starting!
[INFO ] 2022-07-04 13:13:41.708 [main] Log - Tests are ending!
[INFO ] 2022-07-04 13:13:43.969 [main] Log - Tests is starting!
[INFO ] 2022-07-04 13:13:51.369 [main] Log - Tests are ending!
[INFO ] 2022-07-04 13:13:55.062 [main] Log - Tests is starting!
[INFO ] 2022-07-04 13:14:03.315 [main] Log - Tests are ending!
[INFO ] 2022-07-04 13:14:04.906 [main] Log - Tests is starting!
[INFO ] 2022-07-04 13:14:13.344 [main] Log - Tests are ending!
[INFO ] 2022-07-04 13:14:14.977 [main] Log - Tests is starting!
[INFO ] 2022-07-04 13:14:23.041 [main] Log - Tests are ending!
[INFO ] 2022-07-04 14:06:17.191 [main] Log - Tests is starting!
[INFO ] 2022-07-04 14:06:27.415 [main] Log - Tests are ending!
[INFO ] 2022-07-04 15:30:50.865 [main] Log - I am in onStart method LoginTest
[INFO ] 2022-07-04 15:30:50.905 [main] Log - Tests is starting!
[INFO ] 2022-07-04 15:30:54.826 [main] Log - Login test is starting.
[INFO ] 2022-07-04 15:31:13.634 [main] Log - Login test is succeed.
[INFO ] 2022-07-04 15:31:13.645 [main] Log - Tests are ending!
[INFO ] 2022-07-04 15:31:16.534 [main] Log - I am in onFinish method LoginTest
[INFO ] 2022-07-04 15:41:17.349 [main] Log - I am in onStart method LoginTest
[INFO ] 2022-07-04 15:41:17.386 [main] Log - Tests is starting!
[INFO ] 2022-07-04 15:41:21.572 [main] Log - Login test is starting.
[INFO ] 2022-07-04 15:41:31.933 [main] Log - Login test is succeed.
[INFO ] 2022-07-04 15:41:31.934 [main] Log - Login test is failed.
[INFO ] 2022-07-04 15:41:32.084 [main] Log - Tests are ending!
[INFO ] 2022-07-04 15:41:40.173 [main] Log - I am in onFinish method LoginTest
[INFO ] 2022-07-04 15:46:56.786 [main] Log - I am in onStart method LoginTest
[INFO ] 2022-07-04 15:46:56.814 [main] Log - Tests is starting!
[INFO ] 2022-07-04 15:46:59.606 [main] Log - Login test is starting.
[INFO ] 2022-07-04 15:47:05.939 [main] Log - Login test is succeed.
[INFO ] 2022-07-04 15:47:05.939 [main] Log - Login test is failed.
[INFO ] 2022-07-04 15:47:05.942 [main] Log - Tests are ending!
[INFO ] 2022-07-04 15:47:10.871 [main] Log - I am in onFinish method LoginTest
[INFO ] 2022-07-04 16:09:21.751 [main] Log - I am in onStart method LoginTest
[INFO ] 2022-07-04 16:09:21.780 [main] Log - Tests is starting!
[INFO ] 2022-07-04 16:09:24.587 [main] Log - Login test is starting.
[INFO ] 2022-07-04 16:09:32.020 [main] Log - Login test is failed.
[INFO ] 2022-07-04 16:09:32.023 [main] Log - Tests are ending!
[INFO ] 2022-07-04 16:09:35.934 [main] Log - I am in onFinish method LoginTest
[INFO ] 2022-07-04 16:11:59.361 [main] Log - I am in onStart method LoginTest
[INFO ] 2022-07-04 16:11:59.395 [main] Log - Tests is starting!
[INFO ] 2022-07-04 16:12:02.181 [main] Log - Login test is starting.
[INFO ] 2022-07-04 16:12:08.564 [main] Log - Login test is failed.
[INFO ] 2022-07-04 16:12:08.566 [main] Log - Tests are ending!
[INFO ] 2022-07-04 16:12:12.100 [main] Log - I am in onFinish method LoginTest
[INFO ] 2022-07-04 16:14:46.403 [main] Log - I am in onStart method LoginTest
[INFO ] 2022-07-04 16:14:46.436 [main] Log - Tests is starting!
[INFO ] 2022-07-04 16:14:49.207 [main] Log - Login test is starting.
[INFO ] 2022-07-04 16:14:55.773 [main] Log - Login test is succeed.
[INFO ] 2022-07-04 16:14:55.774 [main] Log - Login test is failed.
[INFO ] 2022-07-04 16:14:55.776 [main] Log - Tests are ending!
[INFO ] 2022-07-04 16:14:58.463 [main] Log - I am in onFinish method LoginTest
[INFO ] 2022-07-04 16:29:19.043 [main] Log - I am in onStart method LoginTest
[INFO ] 2022-07-04 16:29:19.071 [main] Log - Tests is starting!
[INFO ] 2022-07-04 16:29:21.851 [main] Log - Login test is starting.
[INFO ] 2022-07-04 16:29:28.376 [main] Log - Verifying javascript login errors.
[INFO ] 2022-07-04 16:29:28.406 [main] Log - Login test is failed.
[INFO ] 2022-07-04 16:29:28.408 [main] Log - Tests are ending!
[INFO ] 2022-07-04 16:29:29.086 [main] Log - I am in onFinish method LoginTest
[INFO ] 2022-07-04 16:40:45.296 [main] Log - I am in onStart method LoginTest
[INFO ] 2022-07-04 16:40:45.333 [main] Log - Tests is starting!
[INFO ] 2022-07-04 16:40:48.398 [main] Log - Login test is starting.
[INFO ] 2022-07-04 16:40:55.975 [main] Log - Verifying javascript login errors.
[INFO ] 2022-07-04 16:40:56.002 [main] Log - Login test is failed.
[INFO ] 2022-07-04 16:40:56.117 [main] Log - Tests are ending!
[INFO ] 2022-07-04 16:40:56.799 [main] Log - I am in onFinish method LoginTest
[INFO ] 2022-07-04 16:41:55.499 [main] Log - I am in onStart method LoginTest
[INFO ] 2022-07-04 16:41:55.529 [main] Log - Tests is starting!
[INFO ] 2022-07-04 16:41:58.320 [main] Log - Login test is starting.
[INFO ] 2022-07-04 16:42:04.455 [main] Log - Verifying javascript login errors.
[INFO ] 2022-07-04 16:42:04.587 [main] Log - Login test is skipped.
[INFO ] 2022-07-04 16:42:04.588 [main] Log - Login test is starting.
[INFO ] 2022-07-04 16:42:10.505 [main] Log - Verifying javascript login errors.
[INFO ] 2022-07-04 16:42:10.518 [main] Log - Login test is failed.
[INFO ] 2022-07-04 16:42:12.718 [main] Log - Tests are ending!
[INFO ] 2022-07-04 16:42:13.509 [main] Log - I am in onFinish method LoginTest
[INFO ] 2022-07-04 16:45:30.065 [main] Log - I am in onStart method LoginTest
[INFO ] 2022-07-04 16:45:30.100 [main] Log - Tests is starting!
[INFO ] 2022-07-04 16:45:33.468 [main] Log - Login test is starting.
[INFO ] 2022-07-04 16:45:40.258 [main] Log - Verifying javascript login errors.
[INFO ] 2022-07-04 16:45:40.383 [main] Log - Login test is skipped.
[INFO ] 2022-07-04 16:45:40.384 [main] Log - Login test is starting.
[INFO ] 2022-07-04 16:45:44.224 [main] Log - Verifying javascript login errors.
[INFO ] 2022-07-04 16:45:44.231 [main] Log - Login test is failed.
[INFO ] 2022-07-04 16:45:44.309 [main] Log - Tests are ending!
[INFO ] 2022-07-04 16:45:44.885 [main] Log - I am in onFinish method LoginTest
[INFO ] 2022-07-04 16:47:11.729 [main] Log - I am in onStart method LoginTest
[INFO ] 2022-07-04 16:47:11.760 [main] Log - Tests is starting!
[INFO ] 2022-07-04 16:47:14.499 [main] Log - Login test is starting.
[INFO ] 2022-07-04 16:47:20.596 [main] Log - Login test is succeed.
[INFO ] 2022-07-04 16:47:20.603 [main] Log - Tests are ending!
[INFO ] 2022-07-04 16:47:21.280 [main] Log - I am in onFinish method LoginTest
[INFO ] 2022-07-04 16:49:44.943 [main] Log - I am in onStart method LoginTest
[INFO ] 2022-07-04 16:49:44.978 [main] Log - Tests is starting!
[INFO ] 2022-07-04 16:49:47.719 [main] Log - Login test is starting.
[INFO ] 2022-07-04 16:49:53.964 [main] Log - Login test is succeed.
[INFO ] 2022-07-04 16:49:53.965 [main] Log - Login test is failed.
[INFO ] 2022-07-04 16:49:54.096 [main] Log - Tests are ending!
[INFO ] 2022-07-04 16:49:54.782 [main] Log - I am in onFinish method LoginTest
[INFO ] 2022-07-04 16:50:29.700 [main] Log - I am in onStart method LoginTest
[INFO ] 2022-07-04 16:50:29.730 [main] Log - Tests is starting!
[INFO ] 2022-07-04 16:50:32.502 [main] Log - Login test is starting.
[INFO ] 2022-07-04 16:50:38.481 [main] Log - Login test is succeed.
[INFO ] 2022-07-04 16:50:38.606 [main] Log - Tests are ending!
[INFO ] 2022-07-04 16:50:39.379 [main] Log - I am in onFinish method LoginTest
[INFO ] 2022-07-04 16:52:50.562 [main] Log - I am in onStart method LoginTest
[INFO ] 2022-07-04 16:52:50.593 [main] Log - Tests is starting!
[INFO ] 2022-07-04 16:52:53.286 [main] Log - Login test is starting.
[INFO ] 2022-07-04 16:52:59.535 [main] Log - Login test is succeed.
[INFO ] 2022-07-04 16:52:59.652 [main] Log - Tests are ending!
[INFO ] 2022-07-04 16:53:00.342 [main] Log - I am in onFinish method LoginTest
