[INFO ] 2022-07-12 06:59:31.310 [main] Log - Tests is starting!
[INFO ] 2022-07-12 07:04:39.112 [main] Log - Tests is starting!
[INFO ] 2022-07-12 07:08:40.748 [main] Log - Tests is starting!
[INFO ] 2022-07-12 07:26:26.455 [main] Log - Tests is starting!
[INFO ] 2022-07-12 07:27:58.250 [main] Log - Tests are ending!
[INFO ] 2022-07-12 08:15:19.831 [main] Log - Tests is starting!
[INFO ] 2022-07-12 08:15:53.978 [main] Log - La prueba es exitosa si la Tasa Base = TNA 
[INFO ] 2022-07-12 08:15:53.980 [main] Log - Tasa Base = 73.0
[INFO ] 2022-07-12 08:15:53.981 [main] Log - TNA Simulado = 73.0
[INFO ] 2022-07-12 08:16:05.009 [main] Log - La prueba es exitosa si TNA Simulado = TASA Base - Ptos Particulares 
[INFO ] 2022-07-12 08:16:05.010 [main] Log - TNA Simulado = 53.0
[INFO ] 2022-07-12 08:16:05.010 [main] Log - Tasa Base = 73.0
[INFO ] 2022-07-12 08:16:05.010 [main] Log - Ptos Particulares = 20.0
[INFO ] 2022-07-12 08:16:15.847 [main] Log - La prueba es exitosa si TNA Simulado = TASA Base - Ptos Generales 
[INFO ] 2022-07-12 08:16:15.847 [main] Log - TNA Simulado = 66.0
[INFO ] 2022-07-12 08:16:15.847 [main] Log - Tasa Base = 73.0
[INFO ] 2022-07-12 08:16:15.848 [main] Log - Ptos Particulares = 7.0
[INFO ] 2022-07-12 08:16:36.419 [main] Log - La prueba es exitosa si TNA Simulado = TASA Base - Ptos Generales 
[INFO ] 2022-07-12 08:16:36.420 [main] Log - TNA Simulado = 63.0
[INFO ] 2022-07-12 08:16:36.420 [main] Log - Tasa Base = 73.0
[INFO ] 2022-07-12 08:16:36.421 [main] Log - Ptos Generales = 5.0
[INFO ] 2022-07-12 08:16:44.365 [main] Log - La prueba es exitosa si TNA Simulado = TASA Base - Ptos Particulares 
[INFO ] 2022-07-12 08:16:44.366 [main] Log - TNA Simulado = 53.0
[INFO ] 2022-07-12 08:16:44.366 [main] Log - Tasa Base = 73.0
[INFO ] 2022-07-12 08:16:44.367 [main] Log - Ptos Particulares = 20.0
[INFO ] 2022-07-12 08:16:52.345 [main] Log - La prueba es exitosa si TNA Simulado = TASA Base - Ptos Generales 
[INFO ] 2022-07-12 08:16:52.346 [main] Log - TNA Simulado = 66.0
[INFO ] 2022-07-12 08:16:52.346 [main] Log - Tasa Base = 73.0
[INFO ] 2022-07-12 08:16:52.347 [main] Log - Ptos Generales = 7.0
[INFO ] 2022-07-12 08:16:53.222 [main] Log - Tests are ending!
[INFO ] 2022-07-12 08:36:31.715 [main] Log - Tests is starting!
[INFO ] 2022-07-12 09:07:23.241 [main] Log - Tests is starting!
[INFO ] 2022-07-12 09:07:25.470 [main] Log - I am in onStart method GDEM 775
[INFO ] 2022-07-12 09:07:38.452 [main] Log - I am in onFinish method TestSinPaqueteExistente
[INFO ] 2022-07-12 09:07:58.553 [main] Log - TestSinPaqueteExistente test is succeed.
[INFO ] 2022-07-12 09:07:58.666 [main] Log - I am in onFinish method TestSinPaqueteConPtosParticulares
[INFO ] 2022-07-12 09:08:09.530 [main] Log - TestSinPaqueteConPtosParticulares test is succeed.
[INFO ] 2022-07-12 09:08:09.638 [main] Log - I am in onFinish method TestSinPaquetePuntosSinPtoParticulares
[INFO ] 2022-07-12 09:08:22.211 [main] Log - TestSinPaquetePuntosSinPtoParticulares test is succeed.
[INFO ] 2022-07-12 09:08:22.281 [main] Log - I am in onFinish method TestConPaqueteCbioSinPaquete
[INFO ] 2022-07-12 09:08:40.194 [main] Log - TestConPaqueteCbioSinPaquete test is failed.
[INFO ] 2022-07-12 09:08:40.312 [main] Log - I am in onFinish method TestConPaqueteConPtosParticulares
[INFO ] 2022-07-12 09:08:48.199 [main] Log - TestConPaqueteConPtosParticulares test is succeed.
[INFO ] 2022-07-12 09:08:48.311 [main] Log - I am in onFinish method TestConPaquetePuntosSinPtoParticulares
[INFO ] 2022-07-12 09:08:56.209 [main] Log - TestConPaquetePuntosSinPtoParticulares test is succeed.
[INFO ] 2022-07-12 09:08:57.049 [main] Log - Tests are ending!
[INFO ] 2022-07-12 09:13:01.345 [main] Log - Tests is starting!
[INFO ] 2022-07-12 09:13:03.672 [main] Log - I am in onStart method GDEM 775
[INFO ] 2022-07-12 09:13:15.546 [main] Log - I am in onFinish method TestSinPaqueteExistente
[INFO ] 2022-07-12 09:13:34.709 [main] Log - TestSinPaqueteExistente test is failed.
[INFO ] 2022-07-12 09:13:34.838 [main] Log - I am in onFinish method TestSinPaqueteConPtosParticulares
[INFO ] 2022-07-12 09:13:47.521 [main] Log - TestSinPaqueteConPtosParticulares test is succeed.
[INFO ] 2022-07-12 09:13:47.625 [main] Log - I am in onFinish method TestSinPaquetePuntosSinPtoParticulares
[INFO ] 2022-07-12 09:14:00.446 [main] Log - TestSinPaquetePuntosSinPtoParticulares test is succeed.
[INFO ] 2022-07-12 09:14:00.536 [main] Log - I am in onFinish method TestConPaqueteCbioSinPaquete
[INFO ] 2022-07-12 09:14:18.796 [main] Log - TestConPaqueteCbioSinPaquete test is failed.
[INFO ] 2022-07-12 09:14:18.904 [main] Log - I am in onFinish method TestConPaqueteConPtosParticulares
[INFO ] 2022-07-12 09:14:26.765 [main] Log - TestConPaqueteConPtosParticulares test is succeed.
[INFO ] 2022-07-12 09:14:26.862 [main] Log - I am in onFinish method TestConPaquetePuntosSinPtoParticulares
[INFO ] 2022-07-12 09:14:34.735 [main] Log - TestConPaquetePuntosSinPtoParticulares test is succeed.
[INFO ] 2022-07-12 09:14:35.543 [main] Log - Tests are ending!
[INFO ] 2022-07-12 09:17:33.659 [main] Log - Tests is starting!
[INFO ] 2022-07-12 09:17:35.844 [main] Log - I am in onStart method GDEM 775
[INFO ] 2022-07-12 09:17:46.210 [main] Log - I am in onFinish method TestSinPaqueteExistente
[INFO ] 2022-07-12 09:18:05.235 [main] Log - TestSinPaqueteExistente test is succeed.
[INFO ] 2022-07-12 09:18:05.362 [main] Log - Simulacion Prestamo de un cliente con Sin Paquete Existente, llevando un MonoProducto sin puntos Particulares test is succeed.
[INFO ] 2022-07-12 09:18:05.366 [main] Log - I am in onFinish method TestSinPaqueteConPtosParticulares
[INFO ] 2022-07-12 09:18:16.237 [main] Log - TestSinPaqueteConPtosParticulares test is succeed.
[INFO ] 2022-07-12 09:18:16.345 [main] Log - Simulacion Prestamo de un cliente con SinPaquete Existente, llevando un Paquete Con puntos Particulares test is succeed.
[INFO ] 2022-07-12 09:18:16.347 [main] Log - I am in onFinish method TestSinPaquetePuntosSinPtoParticulares
[INFO ] 2022-07-12 09:18:29.347 [main] Log - TestSinPaquetePuntosSinPtoParticulares test is succeed.
[INFO ] 2022-07-12 09:18:29.444 [main] Log - Simulacion Prestamo de un cliente con Sin Paquete Existente, llevando un Prestamo con paquete Sin puntos Particulares test is succeed.
[INFO ] 2022-07-12 09:18:29.446 [main] Log - I am in onFinish method TestConPaqueteCbioSinPaquete
[INFO ] 2022-07-12 09:18:47.851 [main] Log - TestConPaqueteCbioSinPaquete test is failed.
[INFO ] 2022-07-12 09:18:47.958 [main] Log - Simulacion Prestamo de un cliente con Paquete Existente, llevando un MonoProducto sin puntos Particulares test is failed.
[INFO ] 2022-07-12 09:18:47.964 [main] Log - I am in onFinish method TestConPaqueteConPtosParticulares
[INFO ] 2022-07-12 09:18:55.732 [main] Log - TestConPaqueteConPtosParticulares test is succeed.
[INFO ] 2022-07-12 09:18:55.824 [main] Log - Simulacion Prestamo de un cliente con Paquete Existente, llevando un upgrade de Paquete con puntos Particulares para la linea test is succeed.
[INFO ] 2022-07-12 09:18:55.825 [main] Log - I am in onFinish method TestConPaquetePuntosSinPtoParticulares
[INFO ] 2022-07-12 09:19:03.711 [main] Log - TestConPaquetePuntosSinPtoParticulares test is succeed.
[INFO ] 2022-07-12 09:19:03.803 [main] Log - Simulacion Prestamo de un cliente con Paquete Existente, llevando un upgrade de Paquete sin puntos Particulares para la linea solo Generales test is succeed.
[INFO ] 2022-07-12 09:19:04.435 [main] Log - Tests are ending!
[INFO ] 2022-07-12 09:29:18.633 [main] Log - Tests is starting!
[INFO ] 2022-07-12 09:29:20.970 [main] Log - I am in onStart method GDEM 775
[INFO ] 2022-07-12 09:29:34.971 [main] Log - I am in onFinish method TestSinPaqueteExistente
[INFO ] 2022-07-12 09:29:56.483 [main] Log - TestSinPaqueteExistente test is succeed.
[INFO ] 2022-07-12 09:29:56.609 [main] Log - I am in onFinish method TestSinPaqueteConPtosParticulares
[INFO ] 2022-07-12 09:30:07.342 [main] Log - TestSinPaqueteConPtosParticulares test is succeed.
[INFO ] 2022-07-12 09:30:07.443 [main] Log - I am in onFinish method TestSinPaquetePuntosSinPtoParticulares
[INFO ] 2022-07-12 09:30:20.115 [main] Log - TestSinPaquetePuntosSinPtoParticulares test is succeed.
[INFO ] 2022-07-12 09:30:20.194 [main] Log - I am in onFinish method TestConPaqueteCbioSinPaquete
[INFO ] 2022-07-12 09:30:39.564 [main] Log - TestConPaqueteCbioSinPaquete test is failed.
[INFO ] 2022-07-12 09:30:39.689 [main] Log - I am in onFinish method TestConPaqueteConPtosParticulares
[INFO ] 2022-07-12 09:30:47.418 [main] Log - TestConPaqueteConPtosParticulares test is succeed.
[INFO ] 2022-07-12 09:30:47.520 [main] Log - I am in onFinish method TestConPaquetePuntosSinPtoParticulares
[INFO ] 2022-07-12 09:30:55.163 [main] Log - TestConPaquetePuntosSinPtoParticulares test is succeed.
[INFO ] 2022-07-12 09:30:56.022 [main] Log - Tests are ending!
[INFO ] 2022-07-12 09:38:39.594 [main] Log - Tests is starting!
[INFO ] 2022-07-12 09:38:41.801 [main] Log - I am in onStart method GDEM 775
[INFO ] 2022-07-12 09:38:51.780 [main] Log - I am in onFinish method TestSinPaqueteExistenteLlevaSinPaquete
[INFO ] 2022-07-12 09:39:11.706 [main] Log - TestSinPaqueteExistenteLlevaSinPaquete test is succeed.
[INFO ] 2022-07-12 09:39:11.831 [main] Log - I am in onFinish method TestSinPaqueteLlevaPaqConPtosParticulares
[INFO ] 2022-07-12 09:39:22.757 [main] Log - TestSinPaqueteLlevaPaqConPtosParticulares test is succeed.
[INFO ] 2022-07-12 09:39:22.859 [main] Log - I am in onFinish method TestSinPaqueteLlevaPaqConPuntosGralesSinPtoParticulares
[INFO ] 2022-07-12 09:39:35.496 [main] Log - TestSinPaqueteLlevaPaqConPuntosGralesSinPtoParticulares test is succeed.
[INFO ] 2022-07-12 09:39:35.577 [main] Log - I am in onFinish method TestConPaqueteLlevaPrestamoConMonoproductoSinPtosParticulares
[INFO ] 2022-07-12 09:39:53.744 [main] Log - TestConPaqueteLlevaPrestamoConMonoproductoSinPtosParticulares test is failed.
[INFO ] 2022-07-12 09:39:53.867 [main] Log - I am in onFinish method TestConPaqueteConPtosParticularesHaceUpgradeConPtosParticulares
[INFO ] 2022-07-12 09:40:01.635 [main] Log - TestConPaqueteConPtosParticularesHaceUpgradeConPtosParticulares test is succeed.
[INFO ] 2022-07-12 09:40:01.745 [main] Log - I am in onFinish method TestConPaqueteConPuntosHaceUpgradePaqSinPtoParticulares
[INFO ] 2022-07-12 09:40:09.646 [main] Log - TestConPaqueteConPuntosHaceUpgradePaqSinPtoParticulares test is succeed.
[INFO ] 2022-07-12 09:40:10.472 [main] Log - Tests are ending!
[INFO ] 2022-07-12 09:52:50.023 [main] Log - Tests is starting!
[INFO ] 2022-07-12 09:52:52.516 [main] Log - I am in onStart method GDEM 775
[INFO ] 2022-07-12 09:53:07.241 [main] Log - I am in onFinish method TestSinPaqueteExistenteLlevaSinPaquete
[INFO ] 2022-07-12 09:53:26.613 [main] Log - TestSinPaqueteExistenteLlevaSinPaquete test is succeed.
[INFO ] 2022-07-12 09:53:26.733 [main] Log - I am in onFinish method TestSinPaqueteLlevaPaqConPtosParticulares
[INFO ] 2022-07-12 09:53:37.575 [main] Log - TestSinPaqueteLlevaPaqConPtosParticulares test is succeed.
[INFO ] 2022-07-12 09:53:37.683 [main] Log - I am in onFinish method TestSinPaqueteLlevaPaqConPuntosGralesSinPtoParticulares
[INFO ] 2022-07-12 09:53:46.270 [main] Log - TestSinPaqueteLlevaPaqConPuntosGralesSinPtoParticulares test is failed.
[INFO ] 2022-07-12 09:53:46.366 [main] Log - I am in onFinish method TestConPaqueteLlevaPrestamoConMonoproductoSinPtosParticulares
[INFO ] 2022-07-12 09:54:01.270 [main] Log - TestConPaqueteLlevaPrestamoConMonoproductoSinPtosParticulares test is failed.
[INFO ] 2022-07-12 09:54:01.378 [main] Log - I am in onFinish method TestConPaqueteConPtosParticularesHaceUpgradeConPtosParticulares
[INFO ] 2022-07-12 09:54:09.255 [main] Log - TestConPaqueteConPtosParticularesHaceUpgradeConPtosParticulares test is succeed.
[INFO ] 2022-07-12 09:54:09.353 [main] Log - I am in onFinish method TestConPaqueteConPuntosHaceUpgradePaqSinPtoParticulares
[INFO ] 2022-07-12 09:54:14.999 [main] Log - TestConPaqueteConPuntosHaceUpgradePaqSinPtoParticulares test is failed.
[INFO ] 2022-07-12 09:54:15.919 [main] Log - Tests are ending!
[INFO ] 2022-07-12 09:58:47.778 [main] Log - Tests is starting!
[INFO ] 2022-07-12 09:58:49.968 [main] Log - I am in onStart method GDEM 775
[INFO ] 2022-07-12 09:59:00.051 [main] Log - I am in onFinish method TestSinPaqueteExistenteLlevaSinPaquete
[INFO ] 2022-07-12 09:59:19.673 [main] Log - TestSinPaqueteExistenteLlevaSinPaquete test is succeed.
[INFO ] 2022-07-12 09:59:19.772 [main] Log - I am in onFinish method TestSinPaqueteLlevaPaqConPtosParticulares
[INFO ] 2022-07-12 09:59:30.637 [main] Log - TestSinPaqueteLlevaPaqConPtosParticulares test is succeed.
[INFO ] 2022-07-12 09:59:30.743 [main] Log - I am in onFinish method TestSinPaqueteLlevaPaqConPuntosGralesSinPtoParticulares
[INFO ] 2022-07-12 09:59:43.389 [main] Log - TestSinPaqueteLlevaPaqConPuntosGralesSinPtoParticulares test is succeed.
[INFO ] 2022-07-12 09:59:43.456 [main] Log - I am in onFinish method TestConPaqueteLlevaPrestamoConMonoproductoSinPtosParticulares
[INFO ] 2022-07-12 09:59:59.132 [main] Log - TestConPaqueteLlevaPrestamoConMonoproductoSinPtosParticulares test is succeed.
[INFO ] 2022-07-12 09:59:59.214 [main] Log - I am in onFinish method TestConPaqueteConPtosParticularesHaceUpgradeConPtosParticulares
[INFO ] 2022-07-12 10:00:07.088 [main] Log - TestConPaqueteConPtosParticularesHaceUpgradeConPtosParticulares test is succeed.
[INFO ] 2022-07-12 10:00:07.195 [main] Log - I am in onFinish method TestConPaqueteConPuntosHaceUpgradePaqSinPtoParticulares
[INFO ] 2022-07-12 10:00:14.888 [main] Log - TestConPaqueteConPuntosHaceUpgradePaqSinPtoParticulares test is succeed.
[INFO ] 2022-07-12 10:00:15.615 [main] Log - Tests are ending!
[INFO ] 2022-07-12 12:39:07.974 [main] Log - Tests is starting!
[INFO ] 2022-07-12 12:39:25.002 [main] Log - Tests are ending!
[INFO ] 2022-07-12 12:39:47.206 [main] Log - Tests is starting!
[INFO ] 2022-07-12 12:40:00.406 [main] Log - Tests are ending!
[INFO ] 2022-07-12 12:40:57.739 [main] Log - Tests is starting!
[INFO ] 2022-07-12 12:41:00.035 [main] Log - I am in onStart method GDEM 775
[INFO ] 2022-07-12 12:41:10.398 [main] Log - I am in onFinish method TestConPaqueteCambios
[INFO ] 2022-07-12 12:41:46.256 [main] Log - TestConPaqueteCambios test is failed.
[INFO ] 2022-07-12 12:41:47.374 [main] Log - Tests are ending!
[INFO ] 2022-07-12 12:42:40.525 [main] Log - Tests is starting!
[INFO ] 2022-07-12 12:42:42.743 [main] Log - I am in onStart method GDEM 775
[INFO ] 2022-07-12 12:42:55.235 [main] Log - I am in onFinish method TestConPaqueteCambios
[INFO ] 2022-07-12 12:43:27.446 [main] Log - TestConPaqueteCambios test is failed.
[INFO ] 2022-07-12 12:43:28.282 [main] Log - Tests are ending!
[INFO ] 2022-07-12 12:44:35.921 [main] Log - Tests is starting!
[INFO ] 2022-07-12 12:44:38.315 [main] Log - I am in onStart method GDEM 775
[INFO ] 2022-07-12 12:44:48.269 [main] Log - I am in onFinish method TestConPaqueteCambios
[INFO ] 2022-07-12 12:45:20.223 [main] Log - TestConPaqueteCambios test is failed.
[INFO ] 2022-07-12 12:45:20.979 [main] Log - Tests are ending!
[INFO ] 2022-07-12 13:01:19.340 [main] Log - Tests is starting!
[INFO ] 2022-07-12 13:01:22.491 [main] Log - I am in onStart method GDEM 775
[INFO ] 2022-07-12 13:01:35.576 [main] Log - I am in onFinish method TestSinPaqueteExistenteLlevaSinPaquete
[INFO ] 2022-07-12 13:01:55.232 [main] Log - TestSinPaqueteExistenteLlevaSinPaquete test is succeed.
[INFO ] 2022-07-12 13:01:55.359 [main] Log - I am in onFinish method TestSinPaqueteLlevaPaqConPtosParticulares
[INFO ] 2022-07-12 13:02:06.319 [main] Log - TestSinPaqueteLlevaPaqConPtosParticulares test is succeed.
[INFO ] 2022-07-12 13:02:06.418 [main] Log - I am in onFinish method TestSinPaqueteLlevaPaqConPuntosGralesSinPtoParticulares
[INFO ] 2022-07-12 13:02:19.433 [main] Log - TestSinPaqueteLlevaPaqConPuntosGralesSinPtoParticulares test is succeed.
[INFO ] 2022-07-12 13:02:19.514 [main] Log - I am in onFinish method TestConPaqueteLlevaPrestamoConMonoproductoSinPtosParticulares
[INFO ] 2022-07-12 13:02:36.026 [main] Log - TestConPaqueteLlevaPrestamoConMonoproductoSinPtosParticulares test is failed.
[INFO ] 2022-07-12 13:02:36.132 [main] Log - I am in onFinish method TestConPaqueteConPtosParticularesHaceUpgradeConPtosParticulares
[INFO ] 2022-07-12 13:02:44.047 [main] Log - TestConPaqueteConPtosParticularesHaceUpgradeConPtosParticulares test is succeed.
[INFO ] 2022-07-12 13:02:44.153 [main] Log - I am in onFinish method TestConPaqueteConPuntosHaceUpgradePaqSinPtoParticulares
[INFO ] 2022-07-12 13:02:51.987 [main] Log - TestConPaqueteConPuntosHaceUpgradePaqSinPtoParticulares test is succeed.
[INFO ] 2022-07-12 13:02:52.095 [main] Log - I am in onFinish method TestConPaqueteCasoBug
[INFO ] 2022-07-12 13:03:15.010 [main] Log - TestConPaqueteCasoBug test is failed.
[INFO ] 2022-07-12 13:03:15.928 [main] Log - Tests are ending!
[INFO ] 2022-07-12 13:49:31.670 [main] Log - Tests is starting!
[INFO ] 2022-07-12 13:49:34.081 [main] Log - I am in onStart method Circuito Ventas WF
[INFO ] 2022-07-12 13:49:34.105 [main] Log - I am in onFinish method Inicio
[INFO ] 2022-07-12 13:49:34.785 [main] Log - Inicio test is failed.
[INFO ] 2022-07-12 13:49:34.873 [main] Log - I am in onFinish method Bandeja
[INFO ] 2022-07-12 13:49:39.882 [main] Log - Bandeja test is failed.
[INFO ] 2022-07-12 13:49:40.581 [main] Log - Tests are ending!
[INFO ] 2022-07-12 13:50:38.366 [main] Log - Tests is starting!
[INFO ] 2022-07-12 13:50:40.845 [main] Log - I am in onStart method Circuito Ventas WF
[INFO ] 2022-07-12 13:50:40.882 [main] Log - I am in onFinish method Inicio
[INFO ] 2022-07-12 13:50:48.973 [main] Log - Inicio test is succeed.
[INFO ] 2022-07-12 13:50:49.092 [main] Log - I am in onFinish method Bandeja
[INFO ] 2022-07-12 13:52:27.504 [main] Log - Tests is starting!
[INFO ] 2022-07-12 13:52:29.853 [main] Log - I am in onStart method Circuito Ventas WF
[INFO ] 2022-07-12 13:52:29.886 [main] Log - I am in onFinish method Inicio
[INFO ] 2022-07-12 13:52:36.302 [main] Log - Inicio test is succeed.
[INFO ] 2022-07-12 13:52:36.431 [main] Log - I am in onFinish method Bandeja
[INFO ] 2022-07-12 13:52:44.168 [main] Log - Bandeja test is failed.
[INFO ] 2022-07-12 13:52:44.183 [main] Log - Bandeja test is failed.
[INFO ] 2022-07-12 13:54:09.864 [main] Log - Tests is starting!
[INFO ] 2022-07-12 13:54:12.028 [main] Log - I am in onStart method Circuito Ventas WF
[INFO ] 2022-07-12 13:54:12.054 [main] Log - I am in onFinish method Inicio
[INFO ] 2022-07-12 13:54:18.374 [main] Log - Inicio test is succeed.
[INFO ] 2022-07-12 13:54:18.487 [main] Log - I am in onFinish method Bandeja
[INFO ] 2022-07-12 13:54:26.200 [main] Log - Bandeja test is failed.
[INFO ] 2022-07-12 13:54:26.230 [main] Log - Bandeja test is failed.
[INFO ] 2022-07-12 14:00:26.165 [main] Log - Tests is starting!
[INFO ] 2022-07-12 14:00:28.346 [main] Log - I am in onStart method Circuito Ventas WF
[INFO ] 2022-07-12 14:00:28.647 [main] Log - I am in onFinish method Bandeja
[INFO ] 2022-07-12 14:00:28.652 [main] Log - Bandeja test is skipped.
[INFO ] 2022-07-12 14:00:28.657 [main] Log - I am in onFinish method Simulacion
[INFO ] 2022-07-12 14:00:28.658 [main] Log - Simulacion test is skipped.
[INFO ] 2022-07-12 14:00:57.490 [main] Log - Tests is starting!
[INFO ] 2022-07-12 14:00:59.671 [main] Log - I am in onStart method Circuito Ventas WF
[INFO ] 2022-07-12 14:01:07.381 [main] Log - I am in onFinish method Bandeja
[INFO ] 2022-07-12 14:01:12.126 [main] Log - Bandeja test is failed.
[INFO ] 2022-07-12 14:01:12.151 [main] Log - Bandeja test is failed.
[INFO ] 2022-07-12 14:01:26.988 [main] Log - Tests is starting!
[INFO ] 2022-07-12 14:01:29.109 [main] Log - I am in onStart method Circuito Ventas WF
[INFO ] 2022-07-12 14:01:36.090 [main] Log - I am in onFinish method Bandeja
[INFO ] 2022-07-12 14:01:44.291 [main] Log - Bandeja test is failed.
[INFO ] 2022-07-12 14:01:44.319 [main] Log - Bandeja test is failed.
[INFO ] 2022-07-12 14:03:09.587 [main] Log - Tests is starting!
[INFO ] 2022-07-12 14:03:11.784 [main] Log - I am in onStart method GDEM 775
[INFO ] 2022-07-12 14:03:25.186 [main] Log - I am in onFinish method TestSinPaqueteExistenteLlevaSinPaquete
[INFO ] 2022-07-12 14:03:46.951 [main] Log - TestSinPaqueteExistenteLlevaSinPaquete test is succeed.
[INFO ] 2022-07-12 14:03:47.071 [main] Log - I am in onFinish method TestSinPaqueteLlevaPaqConPtosParticulares
[INFO ] 2022-07-12 14:03:57.961 [main] Log - TestSinPaqueteLlevaPaqConPtosParticulares test is succeed.
[INFO ] 2022-07-12 14:03:58.077 [main] Log - I am in onFinish method TestSinPaqueteLlevaPaqConPuntosGralesSinPtoParticulares
[INFO ] 2022-07-12 14:04:11.275 [main] Log - TestSinPaqueteLlevaPaqConPuntosGralesSinPtoParticulares test is succeed.
[INFO ] 2022-07-12 14:04:11.362 [main] Log - I am in onFinish method TestConPaqueteLlevaPrestamoConMonoproductoSinPtosParticulares
[INFO ] 2022-07-12 14:04:28.345 [main] Log - TestConPaqueteLlevaPrestamoConMonoproductoSinPtosParticulares test is failed.
[INFO ] 2022-07-12 14:04:28.457 [main] Log - I am in onFinish method TestConPaqueteConPtosParticularesHaceUpgradeConPtosParticulares
[INFO ] 2022-07-12 14:04:36.363 [main] Log - TestConPaqueteConPtosParticularesHaceUpgradeConPtosParticulares test is succeed.
[INFO ] 2022-07-12 14:04:36.474 [main] Log - I am in onFinish method TestConPaqueteConPuntosHaceUpgradePaqSinPtoParticulares
[INFO ] 2022-07-12 14:04:44.373 [main] Log - TestConPaqueteConPuntosHaceUpgradePaqSinPtoParticulares test is succeed.
[INFO ] 2022-07-12 14:04:44.486 [main] Log - I am in onFinish method TestConPaqueteCasoBug
[INFO ] 2022-07-12 14:05:07.426 [main] Log - TestConPaqueteCasoBug test is succeed.
[INFO ] 2022-07-12 14:05:08.222 [main] Log - Tests are ending!
[INFO ] 2022-07-12 14:10:09.460 [main] Log - Tests is starting!
[INFO ] 2022-07-12 14:10:11.695 [main] Log - I am in onStart method GDEM 775
[INFO ] 2022-07-12 14:10:25.423 [main] Log - I am in onFinish method TestSinPaqueteExistenteLlevaSinPaquete
[INFO ] 2022-07-12 14:10:43.960 [main] Log - TestSinPaqueteExistenteLlevaSinPaquete test is failed.
[INFO ] 2022-07-12 14:10:44.097 [main] Log - I am in onFinish method TestSinPaqueteLlevaPaqConPtosParticulares
[INFO ] 2022-07-12 14:10:57.063 [main] Log - TestSinPaqueteLlevaPaqConPtosParticulares test is succeed.
[INFO ] 2022-07-12 14:10:57.169 [main] Log - I am in onFinish method TestSinPaqueteLlevaPaqConPuntosGralesSinPtoParticulares
[INFO ] 2022-07-12 14:11:09.850 [main] Log - TestSinPaqueteLlevaPaqConPuntosGralesSinPtoParticulares test is succeed.
[INFO ] 2022-07-12 14:11:09.946 [main] Log - I am in onFinish method TestConPaqueteLlevaPrestamoConMonoproductoSinPtosParticulares
[INFO ] 2022-07-12 14:11:26.229 [main] Log - TestConPaqueteLlevaPrestamoConMonoproductoSinPtosParticulares test is failed.
[INFO ] 2022-07-12 14:11:26.331 [main] Log - I am in onFinish method TestConPaqueteConPtosParticularesHaceUpgradeConPtosParticulares
[INFO ] 2022-07-12 14:11:34.040 [main] Log - TestConPaqueteConPtosParticularesHaceUpgradeConPtosParticulares test is succeed.
[INFO ] 2022-07-12 14:11:34.143 [main] Log - I am in onFinish method TestConPaqueteConPuntosHaceUpgradePaqSinPtoParticulares
[INFO ] 2022-07-12 14:11:41.947 [main] Log - TestConPaqueteConPuntosHaceUpgradePaqSinPtoParticulares test is succeed.
[INFO ] 2022-07-12 14:11:42.068 [main] Log - I am in onFinish method TestConPaqueteCasoBug
[INFO ] 2022-07-12 14:12:05.038 [main] Log - TestConPaqueteCasoBug test is succeed.
[INFO ] 2022-07-12 14:12:05.839 [main] Log - Tests are ending!
[INFO ] 2022-07-12 14:17:18.725 [main] Log - Tests is starting!
[INFO ] 2022-07-12 14:17:21.018 [main] Log - I am in onStart method GDEM 775
[INFO ] 2022-07-12 14:17:32.897 [main] Log - I am in onFinish method TestSinPaqueteExistenteLlevaSinPaquete
[INFO ] 2022-07-12 14:17:52.806 [main] Log - TestSinPaqueteExistenteLlevaSinPaquete test is succeed.
[INFO ] 2022-07-12 14:17:52.925 [main] Log - I am in onFinish method TestSinPaqueteLlevaPaqConPtosParticulares
[INFO ] 2022-07-12 14:18:03.864 [main] Log - TestSinPaqueteLlevaPaqConPtosParticulares test is succeed.
[INFO ] 2022-07-12 14:18:03.969 [main] Log - I am in onFinish method TestSinPaqueteLlevaPaqConPuntosGralesSinPtoParticulares
[INFO ] 2022-07-12 14:18:16.773 [main] Log - TestSinPaqueteLlevaPaqConPuntosGralesSinPtoParticulares test is succeed.
[INFO ] 2022-07-12 14:18:16.866 [main] Log - I am in onFinish method TestConPaqueteConPtosParticularesHaceUpgradeConPtosParticulares
[INFO ] 2022-07-12 14:18:22.651 [main] Log - TestConPaqueteConPtosParticularesHaceUpgradeConPtosParticulares test is failed.
[INFO ] 2022-07-12 14:18:22.760 [main] Log - I am in onFinish method TestConPaqueteConPuntosHaceUpgradePaqSinPtoParticulares
[INFO ] 2022-07-12 14:18:28.409 [main] Log - TestConPaqueteConPuntosHaceUpgradePaqSinPtoParticulares test is succeed.
[INFO ] 2022-07-12 14:18:28.521 [main] Log - I am in onFinish method TestConPaqueteCasoBug
[INFO ] 2022-07-12 14:18:45.068 [main] Log - TestConPaqueteCasoBug test is failed.
[INFO ] 2022-07-12 14:18:45.788 [main] Log - Tests are ending!
[INFO ] 2022-07-12 14:20:47.871 [main] Log - Tests is starting!
[INFO ] 2022-07-12 14:20:50.165 [main] Log - I am in onStart method GDEM 775
[INFO ] 2022-07-12 14:21:03.056 [main] Log - I am in onFinish method TestSinPaqueteExistenteLlevaSinPaquete
[INFO ] 2022-07-12 14:21:23.056 [main] Log - TestSinPaqueteExistenteLlevaSinPaquete test is succeed.
[INFO ] 2022-07-12 14:21:23.186 [main] Log - I am in onFinish method TestSinPaqueteLlevaPaqConPtosParticulares
[INFO ] 2022-07-12 14:21:34.273 [main] Log - TestSinPaqueteLlevaPaqConPtosParticulares test is succeed.
[INFO ] 2022-07-12 14:21:34.373 [main] Log - I am in onFinish method TestSinPaqueteLlevaPaqConPuntosGralesSinPtoParticulares
[INFO ] 2022-07-12 14:21:47.344 [main] Log - TestSinPaqueteLlevaPaqConPuntosGralesSinPtoParticulares test is succeed.
[INFO ] 2022-07-12 14:21:47.427 [main] Log - I am in onFinish method TestConPaqueteConPtosParticularesHaceUpgradeConPtosParticulares
[INFO ] 2022-07-12 14:21:53.253 [main] Log - TestConPaqueteConPtosParticularesHaceUpgradeConPtosParticulares test is failed.
[INFO ] 2022-07-12 14:21:53.358 [main] Log - I am in onFinish method TestConPaqueteConPuntosHaceUpgradePaqSinPtoParticulares
[INFO ] 2022-07-12 14:21:59.053 [main] Log - TestConPaqueteConPuntosHaceUpgradePaqSinPtoParticulares test is succeed.
[INFO ] 2022-07-12 14:21:59.129 [main] Log - I am in onFinish method TestConPaqueteCasoBug
[INFO ] 2022-07-12 14:22:15.617 [main] Log - TestConPaqueteCasoBug test is failed.
[INFO ] 2022-07-12 14:22:16.504 [main] Log - Tests are ending!
[INFO ] 2022-07-12 14:23:50.747 [main] Log - Tests is starting!
[INFO ] 2022-07-12 14:23:53.055 [main] Log - I am in onStart method GDEM 775
[INFO ] 2022-07-12 14:24:05.375 [main] Log - I am in onFinish method TestSinPaqueteExistenteLlevaSinPaquete
[INFO ] 2022-07-12 14:24:24.087 [main] Log - TestSinPaqueteExistenteLlevaSinPaquete test is succeed.
[INFO ] 2022-07-12 14:24:24.208 [main] Log - I am in onFinish method TestSinPaqueteLlevaPaqConPtosParticulares
[INFO ] 2022-07-12 14:24:35.047 [main] Log - TestSinPaqueteLlevaPaqConPtosParticulares test is succeed.
[INFO ] 2022-07-12 14:24:35.149 [main] Log - I am in onFinish method TestSinPaqueteLlevaPaqConPuntosGralesSinPtoParticulares
[INFO ] 2022-07-12 14:24:56.163 [main] Log - TestSinPaqueteLlevaPaqConPuntosGralesSinPtoParticulares test is succeed.
[INFO ] 2022-07-12 14:24:56.268 [main] Log - I am in onFinish method TestConPaqueteConPtosParticularesHaceUpgradeConPtosParticulares
[INFO ] 2022-07-12 14:25:06.293 [main] Log - TestConPaqueteConPtosParticularesHaceUpgradeConPtosParticulares test is succeed.
[INFO ] 2022-07-12 14:25:06.400 [main] Log - I am in onFinish method TestConPaqueteConPuntosHaceUpgradePaqSinPtoParticulares
[INFO ] 2022-07-12 14:25:14.342 [main] Log - TestConPaqueteConPuntosHaceUpgradePaqSinPtoParticulares test is succeed.
[INFO ] 2022-07-12 14:25:14.459 [main] Log - I am in onFinish method TestConPaqueteCasoBug
[INFO ] 2022-07-12 14:25:37.293 [main] Log - TestConPaqueteCasoBug test is succeed.
[INFO ] 2022-07-12 14:25:38.141 [main] Log - Tests are ending!
[INFO ] 2022-07-12 15:17:03.028 [main] Log - Tests is starting!
[INFO ] 2022-07-12 15:17:05.704 [main] Log - I am in onStart method Circuito Ventas WF
[INFO ] 2022-07-12 15:17:10.879 [main] Log - I am in onFinish method Bandeja
[INFO ] 2022-07-12 15:17:14.258 [main] Log - Bandeja test is failed.
[INFO ] 2022-07-12 15:17:14.317 [main] Log - Bandeja test is failed.
[INFO ] 2022-07-12 15:17:30.858 [main] Log - Tests is starting!
[INFO ] 2022-07-12 15:17:33.101 [main] Log - I am in onStart method Circuito Ventas WF
[INFO ] 2022-07-12 15:17:39.427 [main] Log - I am in onFinish method Bandeja
[INFO ] 2022-07-12 15:17:47.471 [main] Log - Bandeja test is failed.
[INFO ] 2022-07-12 15:17:47.502 [main] Log - Bandeja test is failed.
[INFO ] 2022-07-12 15:20:27.079 [main] Log - Tests is starting!
[INFO ] 2022-07-12 15:20:29.293 [main] Log - I am in onStart method Circuito Ventas WF
[INFO ] 2022-07-12 15:20:39.476 [main] Log - I am in onFinish method Bandeja
[INFO ] 2022-07-12 15:20:44.823 [main] Log - Bandeja test is failed.
[INFO ] 2022-07-12 15:20:44.853 [main] Log - Bandeja test is failed.
[INFO ] 2022-07-12 15:21:54.735 [main] Log - Tests is starting!
[INFO ] 2022-07-12 15:21:56.915 [main] Log - I am in onStart method Circuito Ventas WF
[INFO ] 2022-07-12 15:22:09.338 [main] Log - I am in onFinish method Bandeja
[INFO ] 2022-07-12 15:23:23.645 [main] Log - Bandeja test is failed.
[INFO ] 2022-07-12 15:23:23.787 [main] Log - I am in onFinish method Simulacion
[INFO ] 2022-07-12 15:23:41.691 [main] Log - Simulacion test is succeed.
[INFO ] 2022-07-12 15:23:42.453 [main] Log - Tests are ending!
[INFO ] 2022-07-12 15:37:26.362 [main] Log - Tests is starting!
[INFO ] 2022-07-12 15:37:29.344 [main] Log - I am in onStart method Circuito Ventas WF
[INFO ] 2022-07-12 15:37:39.946 [main] Log - I am in onFinish method Simulacion
[INFO ] 2022-07-12 15:38:16.974 [main] Log - Simulacion test is succeed.
[INFO ] 2022-07-12 15:38:17.798 [main] Log - Tests are ending!
[INFO ] 2022-07-12 15:40:15.806 [main] Log - Tests is starting!
[INFO ] 2022-07-12 15:40:18.073 [main] Log - I am in onStart method Circuito Ventas WF
[INFO ] 2022-07-12 15:40:28.781 [main] Log - I am in onFinish method Simulacion
[INFO ] 2022-07-12 15:40:40.089 [main] Log - Simulacion test is failed.
[INFO ] 2022-07-12 15:40:40.861 [main] Log - Tests are ending!
[INFO ] 2022-07-12 15:41:19.999 [main] Log - Tests is starting!
[INFO ] 2022-07-12 15:41:22.369 [main] Log - I am in onStart method Circuito Ventas WF
[INFO ] 2022-07-12 15:41:33.087 [main] Log - I am in onFinish method Simulacion
[INFO ] 2022-07-12 15:42:05.935 [main] Log - Simulacion test is succeed.
[INFO ] 2022-07-12 15:42:06.739 [main] Log - Tests are ending!
[INFO ] 2022-07-12 15:42:31.834 [main] Log - Tests is starting!
[INFO ] 2022-07-12 15:42:34.404 [main] Log - I am in onStart method Circuito Ventas WF
[INFO ] 2022-07-12 15:42:45.072 [main] Log - I am in onFinish method Simulacion
[INFO ] 2022-07-12 15:43:17.817 [main] Log - Simulacion test is succeed.
[INFO ] 2022-07-12 15:43:18.584 [main] Log - Tests are ending!
[INFO ] 2022-07-12 16:25:30.945 [main] Log - Tests is starting!
[INFO ] 2022-07-12 16:25:33.426 [main] Log - I am in onStart method Circuito Ventas WF
[INFO ] 2022-07-12 16:25:47.013 [main] Log - I am in onFinish method Simulacion
[INFO ] 2022-07-12 16:26:34.656 [main] Log - Simulacion test is succeed.
[INFO ] 2022-07-12 16:26:35.216 [main] Log - Tests are ending!
[INFO ] 2022-07-12 16:37:00.284 [main] Log - Tests is starting!
[INFO ] 2022-07-12 16:37:02.960 [main] Log - I am in onStart method Circuito Ventas WF
[INFO ] 2022-07-12 16:37:15.577 [main] Log - I am in onFinish method Simulacion
[INFO ] 2022-07-12 16:38:01.015 [main] Log - Simulacion test is succeed.
[INFO ] 2022-07-12 16:38:01.131 [main] Log - I am in onFinish method ConfirmarPlanDePagos
[INFO ] 2022-07-12 16:38:16.933 [main] Log - ConfirmarPlanDePagos test is succeed.
[INFO ] 2022-07-12 16:43:21.804 [main] Log - Tests is starting!
[INFO ] 2022-07-12 16:43:24.504 [main] Log - I am in onStart method Circuito Ventas WF
[INFO ] 2022-07-12 16:43:36.801 [main] Log - I am in onFinish method Simulacion
[INFO ] 2022-07-12 16:44:27.715 [main] Log - Simulacion test is succeed.
[INFO ] 2022-07-12 16:44:27.837 [main] Log - I am in onFinish method ConfirmarPlanDePagos
[INFO ] 2022-07-12 16:44:48.696 [main] Log - ConfirmarPlanDePagos test is succeed.
[INFO ] 2022-07-12 16:46:51.120 [main] Log - Tests is starting!
[INFO ] 2022-07-12 16:46:53.663 [main] Log - I am in onStart method Circuito Ventas WF
[INFO ] 2022-07-12 16:47:06.505 [main] Log - I am in onFinish method Simulacion
[INFO ] 2022-07-12 16:47:55.085 [main] Log - Simulacion test is succeed.
[INFO ] 2022-07-12 16:47:55.212 [main] Log - I am in onFinish method ConfirmarPlanDePagos
[INFO ] 2022-07-12 16:48:15.713 [main] Log - ConfirmarPlanDePagos test is succeed.
[INFO ] 2022-07-12 16:59:44.939 [main] Log - Tests is starting!
[INFO ] 2022-07-12 16:59:47.424 [main] Log - I am in onStart method Circuito Ventas WF
[INFO ] 2022-07-12 16:59:58.137 [main] Log - I am in onFinish method Simulacion
[INFO ] 2022-07-12 17:00:48.891 [main] Log - Simulacion test is succeed.
[INFO ] 2022-07-12 17:00:49.005 [main] Log - I am in onFinish method ConfirmarPlanDePagos
[INFO ] 2022-07-12 17:00:51.022 [main] Log - ConfirmarPlanDePagos test is succeed.
[INFO ] 2022-07-12 17:19:03.606 [main] Log - Tests is starting!
[INFO ] 2022-07-12 17:19:05.991 [main] Log - I am in onStart method Circuito Ventas WF
[INFO ] 2022-07-12 17:19:18.797 [main] Log - I am in onFinish method Simulacion
[INFO ] 2022-07-12 17:20:03.739 [main] Log - Simulacion test is failed.
[INFO ] 2022-07-12 17:20:03.864 [main] Log - I am in onFinish method ConfirmarPlanDePagos
[INFO ] 2022-07-12 17:20:19.957 [main] Log - ConfirmarPlanDePagos test is failed.
[INFO ] 2022-07-12 17:21:22.696 [main] Log - Tests is starting!
[INFO ] 2022-07-12 17:21:24.895 [main] Log - I am in onStart method Circuito Ventas WF
[INFO ] 2022-07-12 17:21:35.954 [main] Log - I am in onFinish method Simulacion
[INFO ] 2022-07-12 17:22:21.575 [main] Log - Simulacion test is succeed.
[INFO ] 2022-07-12 17:22:21.702 [main] Log - I am in onFinish method ConfirmarPlanDePagos
[INFO ] 2022-07-12 17:22:37.094 [main] Log - ConfirmarPlanDePagos test is succeed.
[INFO ] 2022-07-12 17:23:03.468 [main] Log - Tests is starting!
[INFO ] 2022-07-12 17:23:05.765 [main] Log - I am in onStart method Circuito Ventas WF
[INFO ] 2022-07-12 17:23:17.791 [main] Log - I am in onFinish method Simulacion
[INFO ] 2022-07-12 17:24:07.520 [main] Log - Simulacion test is succeed.
[INFO ] 2022-07-12 17:24:07.640 [main] Log - I am in onFinish method ConfirmarPlanDePagos
[INFO ] 2022-07-12 17:24:27.599 [main] Log - ConfirmarPlanDePagos test is succeed.
[INFO ] 2022-07-12 17:32:41.005 [main] Log - Tests is starting!
[INFO ] 2022-07-12 17:32:43.566 [main] Log - I am in onStart method Circuito Ventas WF
[INFO ] 2022-07-12 17:32:54.939 [main] Log - I am in onFinish method Simulacion
[INFO ] 2022-07-12 17:33:44.644 [main] Log - Simulacion test is succeed.
[INFO ] 2022-07-12 17:33:44.771 [main] Log - I am in onFinish method ConfirmarPlanDePagos
[INFO ] 2022-07-12 17:34:04.145 [main] Log - ConfirmarPlanDePagos test is succeed.
[INFO ] 2022-07-12 17:39:39.423 [main] Log - Tests is starting!
[INFO ] 2022-07-12 17:39:41.610 [main] Log - I am in onStart method Circuito Ventas WF
[INFO ] 2022-07-12 17:39:56.507 [main] Log - I am in onFinish method Simulacion
[INFO ] 2022-07-12 17:40:49.105 [main] Log - Simulacion test is succeed.
[INFO ] 2022-07-12 17:40:49.224 [main] Log - I am in onFinish method ConfirmarPlanDePagos
[INFO ] 2022-07-12 17:41:12.501 [main] Log - ConfirmarPlanDePagos test is succeed.
[INFO ] 2022-07-12 17:49:26.425 [main] Log - Tests is starting!
[INFO ] 2022-07-12 17:49:30.118 [main] Log - I am in onStart method Circuito Ventas WF
[INFO ] 2022-07-12 17:49:41.111 [main] Log - I am in onFinish method Simulacion
[INFO ] 2022-07-12 17:50:32.845 [main] Log - Simulacion test is failed.
[INFO ] 2022-07-12 17:50:33.047 [main] Log - I am in onFinish method ConfirmarPlanDePagos
[INFO ] 2022-07-12 17:50:54.449 [main] Log - ConfirmarPlanDePagos test is failed.
[INFO ] 2022-07-12 17:52:59.037 [main] Log - Tests is starting!
[INFO ] 2022-07-12 17:54:18.412 [main] Log - Tests is starting!
[INFO ] 2022-07-12 17:54:20.519 [main] Log - I am in onStart method Circuito Ventas WF
[INFO ] 2022-07-12 17:54:30.540 [main] Log - I am in onFinish method Simulacion
[INFO ] 2022-07-12 17:55:22.335 [main] Log - Simulacion test is succeed.
[INFO ] 2022-07-12 17:55:22.436 [main] Log - I am in onFinish method ConfirmarPlanDePagos
[INFO ] 2022-07-12 17:55:32.436 [main] Log - ConfirmarPlanDePagos test is failed.
[INFO ] 2022-07-12 17:57:04.679 [main] Log - Tests is starting!
[INFO ] 2022-07-12 17:57:06.850 [main] Log - I am in onStart method Circuito Ventas WF
[INFO ] 2022-07-12 17:57:16.236 [main] Log - I am in onFinish method Simulacion
[INFO ] 2022-07-12 17:58:07.575 [main] Log - Simulacion test is succeed.
[INFO ] 2022-07-12 17:58:07.675 [main] Log - I am in onFinish method ConfirmarPlanDePagos
[INFO ] 2022-07-12 17:58:13.574 [main] Log - ConfirmarPlanDePagos test is succeed.
[INFO ] 2022-07-12 18:03:08.141 [main] Log - Tests is starting!
[INFO ] 2022-07-12 18:03:10.233 [main] Log - I am in onStart method Circuito Ventas WF
[INFO ] 2022-07-12 18:03:22.107 [main] Log - I am in onFinish method Simulacion
[INFO ] 2022-07-12 18:04:14.197 [main] Log - Simulacion test is succeed.
[INFO ] 2022-07-12 18:04:14.286 [main] Log - I am in onFinish method ConfirmarPlanDePagos
[INFO ] 2022-07-12 18:04:20.080 [main] Log - ConfirmarPlanDePagos test is succeed.
[INFO ] 2022-07-12 18:12:39.434 [main] Log - Tests is starting!
[INFO ] 2022-07-12 18:12:41.525 [main] Log - I am in onStart method Circuito Ventas WF
[INFO ] 2022-07-12 18:12:50.975 [main] Log - I am in onFinish method Simulacion
[INFO ] 2022-07-12 18:13:41.849 [main] Log - Simulacion test is succeed.
[INFO ] 2022-07-12 18:13:41.936 [main] Log - I am in onFinish method ConfirmarPlanDePagos
[INFO ] 2022-07-12 18:13:53.620 [main] Log - ConfirmarPlanDePagos test is succeed.
[INFO ] 2022-07-12 18:18:23.549 [main] Log - Tests is starting!
[INFO ] 2022-07-12 18:18:25.716 [main] Log - I am in onStart method Circuito Ventas WF
[INFO ] 2022-07-12 18:18:35.019 [main] Log - I am in onFinish method Simulacion
[INFO ] 2022-07-12 18:19:26.527 [main] Log - Simulacion test is succeed.
[INFO ] 2022-07-12 18:19:26.615 [main] Log - I am in onFinish method ConfirmarPlanDePagos
[INFO ] 2022-07-12 18:19:37.031 [main] Log - ConfirmarPlanDePagos test is succeed.
[INFO ] 2022-07-12 18:19:37.109 [main] Log - I am in onFinish method ConfirmarSimulacion
[INFO ] 2022-07-12 18:19:59.286 [main] Log - ConfirmarSimulacion test is succeed.
