[INFO ] 2022-07-11 08:17:26.552 [main] Log - Tests is starting!
[INFO ] 2022-07-11 08:17:30.622 [main] Log - I am in onStart method GDEM 775
[INFO ] 2022-07-11 08:17:54.808 [main] Log - TestConPaqueteConPtosParticulares test is starting.
[INFO ] 2022-07-11 08:17:58.491 [main] Log - TestConPaqueteConPtosParticulares test is succeed.
[INFO ] 2022-07-11 08:17:58.492 [main] Log - TestConPaqueteConPtosParticulares test is failed.
[INFO ] 2022-07-11 08:17:58.493 [main] Log - I am in onFinish method GDEM 775
[INFO ] 2022-07-11 08:22:05.708 [main] Log - Tests is starting!
[INFO ] 2022-07-11 08:22:08.850 [main] Log - I am in onStart method GDEM 775
[INFO ] 2022-07-11 08:22:29.524 [main] Log - TestConPaqueteConPtosParticulares test is starting.
[INFO ] 2022-07-11 08:22:33.050 [main] Log - TestConPaqueteConPtosParticulares test is failed.
[INFO ] 2022-07-11 08:22:33.051 [main] Log - I am in onFinish method GDEM 775
[INFO ] 2022-07-11 08:24:01.128 [main] Log - Tests is starting!
[INFO ] 2022-07-11 08:24:30.150 [main] Log - Tests are ending!
[INFO ] 2022-07-11 08:30:09.162 [main] Log - Tests is starting!
[INFO ] 2022-07-11 08:30:32.696 [main] Log - Tests are ending!
[INFO ] 2022-07-11 08:34:13.686 [main] Log - Tests is starting!
[INFO ] 2022-07-11 08:34:59.095 [main] Log - Tests are ending!
[INFO ] 2022-07-11 08:43:27.594 [main] Log - Tests is starting!
[INFO ] 2022-07-11 08:44:19.801 [main] Log - Tests are ending!
[INFO ] 2022-07-11 08:50:53.445 [main] Log - Tests is starting!
[INFO ] 2022-07-11 08:51:47.228 [main] Log - Tests are ending!
[INFO ] 2022-07-11 09:00:46.706 [main] Log - Tests is starting!
[INFO ] 2022-07-11 09:01:47.305 [main] Log - Tests are ending!
[INFO ] 2022-07-11 13:46:47.165 [main] Log - Tests is starting!
[INFO ] 2022-07-11 13:47:52.330 [main] Log - Tests are ending!
[INFO ] 2022-07-11 13:56:02.656 [main] Log - Tests is starting!
[INFO ] 2022-07-11 13:57:01.151 [main] Log - Tests are ending!
[INFO ] 2022-07-11 14:19:32.790 [main] Log - Tests is starting!
[INFO ] 2022-07-11 14:19:36.972 [main] Log - I am in onStart method GDEM 775
[INFO ] 2022-07-11 14:20:03.529 [main] Log - TestSinPaquete test is starting.
[INFO ] 2022-07-11 14:20:13.348 [main] Log - TestSinPaquete test is failed.
[INFO ] 2022-07-11 14:20:13.433 [main] Log - I am in onFinish method GDEM 775
[INFO ] 2022-07-11 18:13:56.991 [main] Log - Tests is starting!
[INFO ] 2022-07-11 18:14:59.869 [main] Log - Tests are ending!
[INFO ] 2022-07-11 18:16:44.212 [main] Log - Tests is starting!
[INFO ] 2022-07-11 18:16:47.714 [main] Log - I am in onStart method GDEM 775
[INFO ] 2022-07-11 18:17:11.405 [main] Log - TestSinPaquete test is starting.
[INFO ] 2022-07-11 18:17:23.361 [main] Log - TestSinPaquete test is failed.
[INFO ] 2022-07-11 18:17:23.448 [main] Log - I am in onFinish method GDEM 775
[INFO ] 2022-07-11 19:03:05.045 [main] Log - Tests is starting!
[INFO ] 2022-07-11 19:03:53.548 [main] Log - Tests is starting!
[INFO ] 2022-07-11 19:04:51.967 [main] Log - Tests are ending!
[INFO ] 2022-07-11 19:11:23.661 [main] Log - Tests is starting!
[INFO ] 2022-07-11 19:11:44.063 [main] Log - I am in onStart method GDEM 775
[INFO ] 2022-07-11 19:12:24.611 [main] Log - TestSinPaquete test is starting.
[INFO ] 2022-07-11 19:12:54.672 [main] Log - TestSinPaquete test is failed.
[INFO ] 2022-07-11 19:12:56.005 [main] Log - I am in onFinish method GDEM 775
[INFO ] 2022-07-11 20:19:13.038 [main] Log - Tests is starting!
[INFO ] 2022-07-11 20:19:15.447 [main] Log - I am in onStart method GDEM 775
[INFO ] 2022-07-11 20:19:38.343 [main] Log - TestSinPaquete test is starting.
[INFO ] 2022-07-11 20:19:47.786 [main] Log - TestSinPaquete test is failed.
[INFO ] 2022-07-11 20:19:47.879 [main] Log - I am in onFinish method GDEM 775
[INFO ] 2022-07-11 20:24:22.064 [main] Log - Tests is starting!
[INFO ] 2022-07-11 20:24:24.268 [main] Log - I am in onStart method GDEM 775
[INFO ] 2022-07-11 20:24:43.690 [main] Log - TestSinPaquete test is starting.
[INFO ] 2022-07-11 20:24:53.073 [main] Log - TestSinPaquete test is failed.
[INFO ] 2022-07-11 20:24:53.075 [main] Log - I am in onFinish method GDEM 775
[INFO ] 2022-07-11 20:26:35.971 [main] Log - Tests is starting!
[INFO ] 2022-07-11 20:26:38.275 [main] Log - I am in onStart method GDEM 775
[INFO ] 2022-07-11 20:26:58.704 [main] Log - TestSinPaquete test is starting.
[INFO ] 2022-07-11 20:27:08.025 [main] Log - TestSinPaquete test is failed.
[INFO ] 2022-07-11 20:27:08.027 [main] Log - I am in onFinish method GDEM 775
[INFO ] 2022-07-11 20:31:45.256 [main] Log - Tests is starting!
[INFO ] 2022-07-11 20:31:47.705 [main] Log - I am in onStart method GDEM 775
[INFO ] 2022-07-11 20:32:08.255 [main] Log - TestSinPaquete test is starting.
[INFO ] 2022-07-11 20:32:17.494 [main] Log - TestSinPaquete test is failed.
[INFO ] 2022-07-11 20:32:17.495 [main] Log - I am in onFinish method GDEM 775
[INFO ] 2022-07-11 21:08:02.544 [main] Log - Tests is starting!
[INFO ] 2022-07-11 21:08:05.427 [main] Log - I am in onStart method GDEM 775
[INFO ] 2022-07-11 21:08:29.133 [main] Log - TestSinPaquete test is starting.
[INFO ] 2022-07-11 21:08:38.586 [main] Log - TestSinPaquete test is failed.
[INFO ] 2022-07-11 21:08:38.671 [main] Log - I am in onFinish method GDEM 775
[INFO ] 2022-07-11 21:18:22.607 [main] Log - I am in onStart method GDEM 775
[INFO ] 2022-07-11 21:18:23.070 [main] Log - TestSinPaquete test is starting.
[INFO ] 2022-07-11 21:18:23.070 [main] Log - TestSinPaquete test is skipped.
[INFO ] 2022-07-11 21:18:23.271 [main] Log - TestSinPaquete test is failed.
[INFO ] 2022-07-11 21:18:23.271 [main] Log - I am in onFinish method GDEM 775
[INFO ] 2022-07-11 21:20:55.894 [main] Log - I am in onStart method GDEM 775
[INFO ] 2022-07-11 21:20:55.952 [main] Log - TestSinPaquete test is starting.
[INFO ] 2022-07-11 21:20:55.952 [main] Log - TestSinPaquete test is skipped.
[INFO ] 2022-07-11 21:20:56.152 [main] Log - TestSinPaquete test is failed.
[INFO ] 2022-07-11 21:20:56.153 [main] Log - I am in onFinish method GDEM 775
[INFO ] 2022-07-11 21:21:47.684 [main] Log - I am in onStart method GDEM 775
[INFO ] 2022-07-11 21:21:47.718 [main] Log - Tests is starting!
[INFO ] 2022-07-11 21:21:58.113 [main] Log - TestSinPaquete test is starting.
[INFO ] 2022-07-11 21:22:17.233 [main] Log - TestSinPaquete test is failed.
[INFO ] 2022-07-11 21:22:17.297 [main] Log - I am in onFinish method GDEM 775
[INFO ] 2022-07-11 21:44:56.923 [main] Log - I am in onStart method GDEM 775
[INFO ] 2022-07-11 21:44:57.440 [main] Log - TestSinPaquete test is starting.
[INFO ] 2022-07-11 21:44:57.441 [main] Log - TestSinPaquete test is skipped.
[INFO ] 2022-07-11 21:44:57.686 [main] Log - TestSinPaquete test is failed.
[INFO ] 2022-07-11 21:44:57.686 [main] Log - I am in onFinish method GDEM 775
[INFO ] 2022-07-11 21:47:53.922 [main] Log - I am in onStart method GDEM 775
[INFO ] 2022-07-11 21:47:53.955 [main] Log - Tests is starting!
[INFO ] 2022-07-11 21:47:56.126 [main] Log - TestSinPaquete test is starting.
[INFO ] 2022-07-11 21:48:44.739 [main] Log - I am in onStart method GDEM 775
[INFO ] 2022-07-11 21:48:45.217 [main] Log - TestSinPaquete test is starting.
[INFO ] 2022-07-11 21:48:45.218 [main] Log - TestSinPaquete test is skipped.
[INFO ] 2022-07-11 21:48:45.452 [main] Log - TestSinPaquete test is failed.
[INFO ] 2022-07-11 21:48:45.452 [main] Log - I am in onFinish method GDEM 775
[INFO ] 2022-07-11 21:52:03.845 [main] Log - Tests is starting!
[INFO ] 2022-07-11 21:52:06.162 [main] Log - I am in onStart method GDEM 775
[INFO ] 2022-07-11 21:52:29.206 [main] Log - TestSinPaquete test is starting.
[INFO ] 2022-07-11 21:52:38.878 [main] Log - TestSinPaquete test is failed.
[INFO ] 2022-07-11 21:52:38.973 [main] Log - I am in onFinish method GDEM 775
[INFO ] 2022-07-11 22:10:07.550 [main] Log - Tests is starting!
[INFO ] 2022-07-11 22:11:11.701 [main] Log - Tests are ending!
[INFO ] 2022-07-11 22:28:11.903 [main] Log - Tests is starting!
[INFO ] 2022-07-11 22:28:54.710 [main] Log - *** Test execution TestSinPaquete failed...
[INFO ] 2022-07-11 22:28:54.711 [main] Log - TestSinPaquete failed!
[INFO ] 2022-07-11 22:28:54.711 [main] Log - Screen shots reports path - C:\Users\floresnes\source\repos\BT_Selenium_Java_Maven\TestReport\screenshots
[INFO ] 2022-07-11 22:28:54.712 [main] Log - Directory: C:\Users\floresnes\source\repos\BT_Selenium_Java_Maven\TestReport\screenshots\TasaTnaPorPuntosConPaqueteTest is created!
[INFO ] 2022-07-11 22:28:54.713 [main] Log - An exception occurred while taking screenshot null
[INFO ] 2022-07-11 22:28:54.713 [main] Log - *** Test execution TestSinPaquete failed...
[INFO ] 2022-07-11 22:28:54.714 [main] Log - TestSinPaquete failed!
[INFO ] 2022-07-11 22:28:54.714 [main] Log - Screen shots reports path - C:\Users\floresnes\source\repos\BT_Selenium_Java_Maven\TestReport\screenshots
[INFO ] 2022-07-11 22:28:54.714 [main] Log - An exception occurred while taking screenshot null
[INFO ] 2022-07-11 22:33:25.200 [main] Log - Tests is starting!
[INFO ] 2022-07-11 22:34:02.930 [main] Log - *** Test execution TestSinPaquete failed...
[INFO ] 2022-07-11 22:34:02.930 [main] Log - TestSinPaquete failed!
[INFO ] 2022-07-11 22:34:02.930 [main] Log - Screen shots reports path - C:\Users\floresnes\source\repos\BT_Selenium_Java_Maven\TestReport\screenshots
[INFO ] 2022-07-11 22:34:02.931 [main] Log - An exception occurred while taking screenshot null
[INFO ] 2022-07-11 22:34:02.931 [main] Log - *** Test execution TestSinPaquete failed...
[INFO ] 2022-07-11 22:34:02.932 [main] Log - TestSinPaquete failed!
[INFO ] 2022-07-11 22:34:02.932 [main] Log - Screen shots reports path - C:\Users\floresnes\source\repos\BT_Selenium_Java_Maven\TestReport\screenshots
[INFO ] 2022-07-11 22:34:02.932 [main] Log - An exception occurred while taking screenshot null
[INFO ] 2022-07-11 22:35:30.710 [main] Log - Tests is starting!
[INFO ] 2022-07-11 22:36:08.373 [main] Log - *** Test execution TestSinPaquete failed...
[INFO ] 2022-07-11 22:36:08.374 [main] Log - TestSinPaquete failed!
[INFO ] 2022-07-11 22:36:08.374 [main] Log - Screen shots reports path - C:\Users\floresnes\source\repos\BT_Selenium_Java_Maven\TestReport\screenshots
[INFO ] 2022-07-11 22:36:08.375 [main] Log - An exception occurred while taking screenshot null
[INFO ] 2022-07-11 22:36:08.375 [main] Log - *** Test execution TestSinPaquete failed...
[INFO ] 2022-07-11 22:36:08.376 [main] Log - TestSinPaquete failed!
[INFO ] 2022-07-11 22:36:08.376 [main] Log - Screen shots reports path - C:\Users\floresnes\source\repos\BT_Selenium_Java_Maven\TestReport\screenshots
[INFO ] 2022-07-11 22:36:08.376 [main] Log - An exception occurred while taking screenshot null
[INFO ] 2022-07-11 22:40:10.055 [main] Log - Tests is starting!
[INFO ] 2022-07-11 22:42:04.195 [main] Log - Tests is starting!
[INFO ] 2022-07-11 22:46:33.996 [main] Log - Tests is starting!
[INFO ] 2022-07-11 22:47:08.258 [main] Log - Tests is starting!
[INFO ] 2022-07-11 22:48:10.893 [main] Log - Tests are ending!
[INFO ] 2022-07-11 22:56:26.058 [main] Log - Tests is starting!
[INFO ] 2022-07-11 22:57:20.467 [main] Log - Tests are ending!
[INFO ] 2022-07-11 23:02:11.003 [main] Log - Tests is starting!
[INFO ] 2022-07-11 23:02:57.287 [main] Log - Tests are ending!
[INFO ] 2022-07-11 23:08:46.321 [main] Log - Tests is starting!
[INFO ] 2022-07-11 23:09:27.051 [main] Log - Tests are ending!
[INFO ] 2022-07-11 23:12:37.801 [main] Log - Tests is starting!
[INFO ] 2022-07-11 23:22:04.505 [main] Log - Tests is starting!
[INFO ] 2022-07-11 23:22:56.797 [main] Log - Tests are ending!
