[INFO ] 2022-07-05 07:51:55.601 [main] Log - Tests is starting!
[INFO ] 2022-07-05 07:52:00.061 [main] Log - Tests are ending!
[INFO ] 2022-07-05 09:23:02.330 [main] Log - I am in onStart method GDEM 1508
[INFO ] 2022-07-05 09:23:02.364 [main] Log - exist_JBNYC5POR test is starting.
[INFO ] 2022-07-05 09:23:03.026 [main] Log - exist_JBNYC5POR test is failed.
[INFO ] 2022-07-05 09:23:03.026 [main] Log - I am in onFinish method GDEM 1508
[INFO ] 2022-07-05 09:23:46.798 [main] Log - I am in onStart method GDEM 1508
[INFO ] 2022-07-05 09:23:46.844 [main] Log - Tests is starting!
[INFO ] 2022-07-05 09:23:50.092 [main] Log - exist_JBNYC5POR test is starting.
[INFO ] 2022-07-05 09:23:51.034 [main] Log - exist_JBNYC5POR test is skipped.
[INFO ] 2022-07-05 09:23:51.035 [main] Log - exist_JBNYC5POR test is starting.
[INFO ] 2022-07-05 09:23:51.086 [main] Log - exist_JBNYC5POR test is failed.
[INFO ] 2022-07-05 09:23:51.162 [main] Log - exist_JBNYC5TCA test is starting.
[INFO ] 2022-07-05 09:23:51.276 [main] Log - exist_JBNYC5TCA test is skipped.
[INFO ] 2022-07-05 09:23:51.277 [main] Log - exist_JBNYC5TCA test is starting.
[INFO ] 2022-07-05 09:23:51.331 [main] Log - exist_JBNYC5TCA test is failed.
[INFO ] 2022-07-05 09:23:51.394 [main] Log - exist_JBNYC5TOA test is starting.
[INFO ] 2022-07-05 09:23:51.495 [main] Log - exist_JBNYC5TOA test is skipped.
[INFO ] 2022-07-05 09:23:51.497 [main] Log - exist_JBNYC5TOA test is starting.
[INFO ] 2022-07-05 09:23:51.540 [main] Log - exist_JBNYC5TOA test is failed.
[INFO ] 2022-07-05 09:23:51.605 [main] Log - Tests are ending!
[INFO ] 2022-07-05 09:23:52.301 [main] Log - I am in onFinish method GDEM 1508
[INFO ] 2022-07-05 09:25:51.734 [main] Log - I am in onStart method GDEM 1508
[INFO ] 2022-07-05 09:25:51.778 [main] Log - Tests is starting!
[INFO ] 2022-07-05 09:25:54.601 [main] Log - exist_JBNYC5POR test is starting.
[INFO ] 2022-07-05 09:25:55.444 [main] Log - exist_JBNYC5POR test is skipped.
[INFO ] 2022-07-05 09:25:55.446 [main] Log - exist_JBNYC5POR test is starting.
[INFO ] 2022-07-05 09:25:55.503 [main] Log - exist_JBNYC5POR test is failed.
[INFO ] 2022-07-05 09:25:55.567 [main] Log - exist_JBNYC5TCA test is starting.
[INFO ] 2022-07-05 09:25:55.675 [main] Log - exist_JBNYC5TCA test is skipped.
[INFO ] 2022-07-05 09:25:55.676 [main] Log - exist_JBNYC5TCA test is starting.
[INFO ] 2022-07-05 09:25:55.721 [main] Log - exist_JBNYC5TCA test is failed.
[INFO ] 2022-07-05 09:25:55.782 [main] Log - exist_JBNYC5TOA test is starting.
[INFO ] 2022-07-05 09:25:55.902 [main] Log - exist_JBNYC5TOA test is skipped.
[INFO ] 2022-07-05 09:25:55.903 [main] Log - exist_JBNYC5TOA test is starting.
[INFO ] 2022-07-05 09:25:55.950 [main] Log - exist_JBNYC5TOA test is failed.
[INFO ] 2022-07-05 09:25:56.016 [main] Log - Tests are ending!
[INFO ] 2022-07-05 09:25:56.699 [main] Log - I am in onFinish method GDEM 1508
[INFO ] 2022-07-05 10:22:13.598 [main] Log - Tests is starting!
[INFO ] 2022-07-05 10:22:22.097 [main] Log - Tests are ending!
[INFO ] 2022-07-05 10:30:17.835 [main] Log - Tests is starting!
[INFO ] 2022-07-05 10:30:29.770 [main] Log - Tests are ending!
[INFO ] 2022-07-05 10:32:23.409 [main] Log - Tests is starting!
[INFO ] 2022-07-05 10:32:31.821 [main] Log - Tests are ending!
[INFO ] 2022-07-05 10:36:35.470 [main] Log - Tests is starting!
[INFO ] 2022-07-05 10:36:43.713 [main] Log - Tests are ending!
[INFO ] 2022-07-05 10:37:47.229 [main] Log - Tests is starting!
[INFO ] 2022-07-05 10:37:58.501 [main] Log - Tests are ending!
[INFO ] 2022-07-05 10:51:03.188 [main] Log - Tests is starting!
[INFO ] 2022-07-05 10:51:19.638 [main] Log - Tests are ending!
[INFO ] 2022-07-05 10:57:35.939 [main] Log - Tests is starting!
[INFO ] 2022-07-05 10:57:52.541 [main] Log - Tests are ending!
[INFO ] 2022-07-05 11:04:50.353 [main] Log - Tests is starting!
[INFO ] 2022-07-05 11:05:04.097 [main] Log - Tests are ending!
[INFO ] 2022-07-05 11:07:47.913 [main] Log - Tests is starting!
[INFO ] 2022-07-05 11:08:01.353 [main] Log - Tests are ending!
[INFO ] 2022-07-05 11:09:42.035 [main] Log - Tests is starting!
[INFO ] 2022-07-05 11:09:55.132 [main] Log - Tests are ending!
[INFO ] 2022-07-05 11:12:02.625 [main] Log - Tests is starting!
[INFO ] 2022-07-05 11:12:11.749 [main] Log - Tests are ending!
[INFO ] 2022-07-05 11:15:31.339 [main] Log - Tests is starting!
[INFO ] 2022-07-05 11:15:39.552 [main] Log - Tests are ending!
[INFO ] 2022-07-05 11:18:44.545 [main] Log - Tests is starting!
[INFO ] 2022-07-05 11:18:55.280 [main] Log - Tests are ending!
[INFO ] 2022-07-05 11:22:25.944 [main] Log - Tests is starting!
[INFO ] 2022-07-05 11:22:34.227 [main] Log - Tests are ending!
[INFO ] 2022-07-05 11:23:55.802 [main] Log - Tests is starting!
[INFO ] 2022-07-05 11:24:06.044 [main] Log - Tests are ending!
[INFO ] 2022-07-05 11:24:59.518 [main] Log - Tests is starting!
[INFO ] 2022-07-05 11:26:04.206 [main] Log - Tests are ending!
[INFO ] 2022-07-05 11:27:26.567 [main] Log - I am in onStart method GDEM 1508
[INFO ] 2022-07-05 11:27:26.597 [main] Log - Tests is starting!
[INFO ] 2022-07-05 11:27:29.398 [main] Log - exist_JBNYC5POR test is starting.
[INFO ] 2022-07-05 11:27:30.049 [main] Log - exist_JBNYC5POR test is succeed.
[INFO ] 2022-07-05 11:27:30.121 [main] Log - exist_JBNYC5TCA test is starting.
[INFO ] 2022-07-05 11:27:30.169 [main] Log - exist_JBNYC5TCA test is succeed.
[INFO ] 2022-07-05 11:27:30.220 [main] Log - exist_JBNYC5TOA test is starting.
[INFO ] 2022-07-05 11:27:30.265 [main] Log - exist_JBNYC5TOA test is succeed.
[INFO ] 2022-07-05 11:27:30.319 [main] Log - Tests are ending!
[INFO ] 2022-07-05 11:27:47.033 [main] Log - I am in onFinish method GDEM 1508
[INFO ] 2022-07-05 11:28:24.574 [main] Log - Tests is starting!
[INFO ] 2022-07-05 11:28:51.935 [main] Log - Tests are ending!
[INFO ] 2022-07-05 11:53:10.704 [main] Log - Tests is starting!
[INFO ] 2022-07-05 11:53:48.268 [main] Log - Tests are ending!
[INFO ] 2022-07-05 11:57:38.843 [main] Log - Tests is starting!
[INFO ] 2022-07-05 11:58:14.459 [main] Log - Tests are ending!
[INFO ] 2022-07-05 12:05:30.948 [main] Log - Tests is starting!
[INFO ] 2022-07-05 12:06:06.001 [main] Log - Tests are ending!
[INFO ] 2022-07-05 12:08:04.815 [main] Log - Tests is starting!
[INFO ] 2022-07-05 12:08:38.072 [main] Log - Tests are ending!
[INFO ] 2022-07-05 12:12:34.309 [main] Log - Tests is starting!
[INFO ] 2022-07-05 12:13:14.645 [main] Log - Tests are ending!
[INFO ] 2022-07-05 12:29:42.444 [main] Log - Tests is starting!
[INFO ] 2022-07-05 12:30:26.888 [main] Log - Tests are ending!
[INFO ] 2022-07-05 12:41:03.372 [main] Log - Tests is starting!
[INFO ] 2022-07-05 12:41:29.576 [main] Log - Tests are ending!
[INFO ] 2022-07-05 12:44:30.010 [main] Log - Tests is starting!
[INFO ] 2022-07-05 12:44:54.358 [main] Log - Tests are ending!
[INFO ] 2022-07-05 12:47:57.485 [main] Log - Tests is starting!
[INFO ] 2022-07-05 12:48:25.037 [main] Log - Tests are ending!
[INFO ] 2022-07-05 12:55:35.197 [main] Log - Tests is starting!
[INFO ] 2022-07-05 12:56:00.824 [main] Log - Tests are ending!
[INFO ] 2022-07-05 12:57:48.956 [main] Log - Tests is starting!
[INFO ] 2022-07-05 12:57:51.698 [main] Log - I am in onStart method GDEM 1508
[INFO ] 2022-07-05 12:57:51.728 [main] Log - exist_JBNYC5POR test is starting.
[INFO ] 2022-07-05 12:57:52.289 [main] Log - exist_JBNYC5POR test is succeed.
[INFO ] 2022-07-05 12:57:52.371 [main] Log - exist_JBNYC5TCA test is starting.
[INFO ] 2022-07-05 12:57:52.442 [main] Log - exist_JBNYC5TCA test is succeed.
[INFO ] 2022-07-05 12:57:52.496 [main] Log - exist_JBNYC5TOA test is starting.
[INFO ] 2022-07-05 12:57:52.549 [main] Log - exist_JBNYC5TOA test is succeed.
[INFO ] 2022-07-05 12:57:52.602 [main] Log - IniciarAbmPaquetes test is starting.
[INFO ] 2022-07-05 12:57:52.664 [main] Log - IniciarAbmPaquetes test is failed.
[INFO ] 2022-07-05 12:57:52.665 [main] Log - I am in onFinish method GDEM 1508
[INFO ] 2022-07-05 13:01:56.076 [main] Log - Tests is starting!
[INFO ] 2022-07-05 13:01:58.821 [main] Log - I am in onStart method GDEM 1508
[INFO ] 2022-07-05 13:01:58.846 [main] Log - Inicio test is starting.
[INFO ] 2022-07-05 13:02:05.804 [main] Log - Inicio test is succeed.
[INFO ] 2022-07-05 13:02:06.092 [main] Log - Inicio test is failed.
[INFO ] 2022-07-05 13:02:06.156 [main] Log - I am in onFinish method GDEM 1508
[INFO ] 2022-07-05 13:04:57.959 [main] Log - Tests is starting!
[INFO ] 2022-07-05 13:05:00.717 [main] Log - I am in onStart method GDEM 1508
[INFO ] 2022-07-05 13:05:00.745 [main] Log - Inicio test is starting.
[INFO ] 2022-07-05 13:05:08.227 [main] Log - Inicio test is succeed.
[INFO ] 2022-07-05 13:05:08.564 [main] Log - Inicio test is failed.
[INFO ] 2022-07-05 13:05:08.621 [main] Log - I am in onFinish method GDEM 1508
[INFO ] 2022-07-05 13:07:14.611 [main] Log - Tests is starting!
[INFO ] 2022-07-05 13:07:17.361 [main] Log - I am in onStart method GDEM 1508
[INFO ] 2022-07-05 13:07:17.384 [main] Log - Inicio test is starting.
[INFO ] 2022-07-05 13:07:26.822 [main] Log - Inicio test is succeed.
[INFO ] 2022-07-05 13:07:26.823 [main] Log - Inicio test is failed.
[INFO ] 2022-07-05 13:07:26.824 [main] Log - I am in onFinish method GDEM 1508
[INFO ] 2022-07-05 13:08:56.230 [main] Log - Tests is starting!
[INFO ] 2022-07-05 13:08:58.976 [main] Log - I am in onStart method GDEM 1508
[INFO ] 2022-07-05 13:08:58.999 [main] Log - Inicio test is starting.
[INFO ] 2022-07-05 13:09:08.451 [main] Log - Inicio test is succeed.
[INFO ] 2022-07-05 13:09:08.454 [main] Log - Inicio test is failed.
[INFO ] 2022-07-05 13:09:08.455 [main] Log - I am in onFinish method GDEM 1508
[INFO ] 2022-07-05 13:10:37.786 [main] Log - Tests is starting!
[INFO ] 2022-07-05 13:10:40.545 [main] Log - I am in onStart method GDEM 1508
[INFO ] 2022-07-05 13:10:40.570 [main] Log - Inicio test is starting.
[INFO ] 2022-07-05 13:10:47.602 [main] Log - Inicio test is succeed.
[INFO ] 2022-07-05 13:10:47.829 [main] Log - Inicio test is failed.
[INFO ] 2022-07-05 13:10:47.830 [main] Log - I am in onFinish method GDEM 1508
[INFO ] 2022-07-05 13:13:25.698 [main] Log - Tests is starting!
[INFO ] 2022-07-05 13:13:28.417 [main] Log - I am in onStart method GDEM 1508
[INFO ] 2022-07-05 13:13:28.439 [main] Log - IniciarAbmPaquetes test is starting.
[INFO ] 2022-07-05 13:13:51.882 [main] Log - IniciarAbmPaquetes test is succeed.
[INFO ] 2022-07-05 13:13:52.164 [main] Log - IniciarAbmPaquetes test is failed.
[INFO ] 2022-07-05 13:13:52.259 [main] Log - I am in onFinish method GDEM 1508
[INFO ] 2022-07-05 13:22:50.114 [main] Log - Tests is starting!
[INFO ] 2022-07-05 13:22:52.885 [main] Log - I am in onStart method GDEM 1508
[INFO ] 2022-07-05 13:22:52.907 [main] Log - IniciarAbmPaquetes test is starting.
[INFO ] 2022-07-05 13:23:14.056 [main] Log - IniciarAbmPaquetes test is succeed.
[INFO ] 2022-07-05 13:23:14.358 [main] Log - IniciarAbmPaquetes test is failed.
[INFO ] 2022-07-05 13:23:14.450 [main] Log - I am in onFinish method GDEM 1508
[INFO ] 2022-07-05 13:24:01.912 [main] Log - Tests is starting!
[INFO ] 2022-07-05 13:24:04.785 [main] Log - I am in onStart method GDEM 1508
[INFO ] 2022-07-05 13:24:04.823 [main] Log - IniciarAbmPaquetes test is starting.
[INFO ] 2022-07-05 13:24:24.939 [main] Log - IniciarAbmPaquetes test is succeed.
[INFO ] 2022-07-05 13:24:25.233 [main] Log - IniciarAbmPaquetes test is failed.
[INFO ] 2022-07-05 13:24:25.322 [main] Log - I am in onFinish method GDEM 1508
